<?xml version="1.0" encoding="UTF-8"?>
<!-- Generated by org.testng.reporters.JUnitReportReporter -->
<testsuite hostname="ENCDAPPUNL0227" failures="0" tests="3" name="com.tesinglabs.com.testinglabs.test.TC006_TestNG" time="0.025" errors="0" timestamp="2026-08-06T14:59:43 IST" skipped="0">
  <testcase classname="com.tesinglabs.com.testinglabs.test.TC006_TestNG" name="f" time="0.002"/>
  <system-out/>
  <testcase classname="com.tesinglabs.com.testinglabs.test.TC006_TestNG" name="f" time="0.004"/>
  <system-out/>
  <testcase classname="com.tesinglabs.com.testinglabs.test.TC006_TestNG" name="f" time="0.019"/>
  <system-out/>
</testsuite> <!-- com.tesinglabs.com.testinglabs.test.TC006_TestNG -->
